0 info it worked if it ends with ok
1 verbose cli [ '/Users/mosu/.nvm/v5.1.0/bin/node',
1 verbose cli   '/Users/mosu/.nvm/v5.1.0/bin/npm',
1 verbose cli   'run',
1 verbose cli   '--port',
1 verbose cli   '8090',
1 verbose cli   'dev' ]
2 info using npm@3.3.12
3 info using node@v5.1.0
4 verbose stack Error: missing script: 8090
4 verbose stack     at run (/Users/mosu/.nvm/v5.1.0/lib/node_modules/npm/lib/run-script.js:147:19)
4 verbose stack     at /Users/mosu/.nvm/v5.1.0/lib/node_modules/npm/lib/run-script.js:57:5
4 verbose stack     at /Users/mosu/.nvm/v5.1.0/lib/node_modules/npm/node_modules/read-package-json/read-json.js:345:5
4 verbose stack     at checkBinReferences_ (/Users/mosu/.nvm/v5.1.0/lib/node_modules/npm/node_modules/read-package-json/read-json.js:309:45)
4 verbose stack     at final (/Users/mosu/.nvm/v5.1.0/lib/node_modules/npm/node_modules/read-package-json/read-json.js:343:3)
4 verbose stack     at then (/Users/mosu/.nvm/v5.1.0/lib/node_modules/npm/node_modules/read-package-json/read-json.js:113:5)
4 verbose stack     at ReadFileContext.<anonymous> (/Users/mosu/.nvm/v5.1.0/lib/node_modules/npm/node_modules/read-package-json/read-json.js:284:20)
4 verbose stack     at ReadFileContext.callback (/Users/mosu/.nvm/v5.1.0/lib/node_modules/npm/node_modules/graceful-fs/graceful-fs.js:76:16)
4 verbose stack     at FSReqWrap.readFileAfterOpen [as oncomplete] (fs.js:324:13)
5 verbose cwd /Users/mosu/project_web/webpack
6 error Darwin 15.0.0
7 error argv "/Users/mosu/.nvm/v5.1.0/bin/node" "/Users/mosu/.nvm/v5.1.0/bin/npm" "run" "--port" "8090" "dev"
8 error node v5.1.0
9 error npm  v3.3.12
10 error missing script: 8090
11 error If you need help, you may report this error at:
11 error     <https://github.com/npm/npm/issues>
12 verbose exit [ 1, true ]
